<?xml version="1.0" encoding="UTF-8"?>
<!-- Generated by org.testng.reporters.JUnitReportReporter -->
<testsuite hostname="Thoushika" failures="0" tests="6" name="runner.runnerOHRM" time="45.284" errors="0" timestamp="2025-04-03T07:37:16 IST" skipped="0">
  <testcase classname="runner.runnerOHRM" name="runScenario" time="6.971"/>
  <testcase classname="runner.runnerOHRM" name="runScenario" time="7.244"/>
  <testcase classname="runner.runnerOHRM" name="runScenario" time="10.197"/>
  <testcase classname="runner.runnerOHRM" name="runScenario" time="6.998"/>
  <testcase classname="runner.runnerOHRM" name="runScenario" time="6.932"/>
  <testcase classname="runner.runnerOHRM" name="runScenario" time="6.942"/>
</testsuite> <!-- runner.runnerOHRM -->
