<?xml version="1.0" encoding="UTF-8"?>
<!-- Generated by org.testng.reporters.JUnitReportReporter -->
<testsuite hostname="Thoushika" failures="0" tests="6" name="runner.runnerOHRM" time="44.542" errors="0" timestamp="2025-04-03T07:20:23 IST" skipped="0">
  <testcase classname="runner.runnerOHRM" name="runScenario" time="6.981"/>
  <testcase classname="runner.runnerOHRM" name="runScenario" time="7.120"/>
  <testcase classname="runner.runnerOHRM" name="runScenario" time="7.193"/>
  <testcase classname="runner.runnerOHRM" name="runScenario" time="7.497"/>
  <testcase classname="runner.runnerOHRM" name="runScenario" time="7.582"/>
  <testcase classname="runner.runnerOHRM" name="runScenario" time="8.169"/>
</testsuite> <!-- runner.runnerOHRM -->
